{"cause":{"message":"No metadata for \"SalesInquiry\" was found."},"level":"error","message":"No metadata for \"SalesInquiry\" was found.","name":"FatalError","service":"my-service-name","stack":"FatalError: No metadata for \"SalesInquiry\" was found.\n    at createSalesInquiry (/Users/imseongho/clean-architecture-fork/src/interface/controllers/SupportsController.ts:33:10)","timestamp":"2025-03-05T07:00:00.727Z"}
{"level":"info","message":"Database connected","service":"my-service-name","timestamp":"2025-03-05T07:00:00.890Z"}
{"cause":{"message":"No metadata for \"SalesInquiry\" was found."},"level":"error","message":"No metadata for \"SalesInquiry\" was found.","name":"FatalError","service":"my-service-name","stack":"FatalError: No metadata for \"SalesInquiry\" was found.\n    at createSalesInquiry (/Users/imseongho/clean-architecture-fork/src/interface/controllers/SupportsController.ts:33:10)","timestamp":"2025-03-05T07:01:48.716Z"}
{"level":"info","message":"Database connected","service":"my-service-name","timestamp":"2025-03-05T07:01:48.839Z"}
{"cause":{"message":"No metadata for \"SalesInquiry\" was found."},"level":"error","message":"No metadata for \"SalesInquiry\" was found.","name":"FatalError","service":"my-service-name","stack":"FatalError: No metadata for \"SalesInquiry\" was found.\n    at createSalesInquiry (/Users/imseongho/clean-architecture-fork/src/interface/controllers/SupportsController.ts:33:10)","timestamp":"2025-03-05T07:03:02.227Z"}
{"level":"info","message":"Database connected","service":"my-service-name","timestamp":"2025-03-05T07:03:02.421Z"}
{"level":"info","message":"Database connected","service":"my-service-name","timestamp":"2025-03-05T07:06:21.699Z"}
{"level":"info","message":"CreateSalesInquiryController: organizationName=Crooks - McClure, contactName=Trevor_Hirthe58, contactEmail=Merle63@yahoo.com, contactPhonenumber=+821012345678, data=Turba teres creator vox amaritudo asperiores sui.","service":"my-service-name","timestamp":"2025-03-05T07:07:03.546Z"}
{"level":"info","message":"CreateSalesInquiryUseCase: organizationName=Crooks - McClure, contactName=Trevor_Hirthe58, contactEmail=Merle63@yahoo.com, contactPhonenumber=+821012345678, data=Turba teres creator vox amaritudo asperiores sui.","service":"my-service-name","timestamp":"2025-03-05T07:07:03.560Z"}
{"cause":{"message":"No metadata for \"SalesInquiry\" was found."},"level":"error","message":"No metadata for \"SalesInquiry\" was found.","name":"FatalError","service":"my-service-name","stack":"FatalError: No metadata for \"SalesInquiry\" was found.\n    at createSalesInquiry (/Users/imseongho/clean-architecture-fork/src/interface/controllers/SupportsController.ts:38:10)","timestamp":"2025-03-05T07:07:03.580Z"}
{"level":"info","message":"Database connected","service":"my-service-name","timestamp":"2025-03-05T07:07:03.896Z"}
{"level":"info","message":"SalesInquiryRepository.constructor.DataSource","service":"my-service-name","timestamp":"2025-03-05T07:14:55.714Z"}
{"contactEmail":"Merle63@yahoo.com","contactName":"Trevor_Hirthe58","contactPhonenumber":"+821012345678","data":"Turba teres creator vox amaritudo asperiores sui.","level":"info","message":"SalesInquiryRepository.createSalesInquiry","organizationName":"Crooks - McClure","service":"my-service-name","timestamp":"2025-03-05T07:14:55.740Z"}
{"cause":{"message":"No metadata for \"SalesInquiry\" was found."},"level":"error","message":"No metadata for \"SalesInquiry\" was found.","name":"FatalError","service":"my-service-name","stack":"FatalError: No metadata for \"SalesInquiry\" was found.\n    at createSalesInquiry (/Users/imseongho/clean-architecture-fork/src/interface/controllers/SupportsController.ts:34:10)","timestamp":"2025-03-05T07:14:55.744Z"}
{"level":"info","message":"Database connected","service":"my-service-name","timestamp":"2025-03-05T07:14:55.852Z"}
{"level":"info","message":"SalesInquiryRepository.constructor.DataSource","service":"SarcoCloud","timestamp":"2025-03-05T07:21:49.175Z"}
{"level":"info","message":false,"service":"SarcoCloud","timestamp":"2025-03-05T07:21:49.192Z"}
{"contactEmail":"Merle63@yahoo.com","contactName":"Trevor_Hirthe58","contactPhonenumber":"+821012345678","data":"Turba teres creator vox amaritudo asperiores sui.","level":"info","message":"SalesInquiryRepository.createSalesInquiry","organizationName":"Crooks - McClure","service":"SarcoCloud","timestamp":"2025-03-05T07:21:49.204Z"}
{"cause":{"message":"No metadata for \"SalesInquiry\" was found."},"level":"error","message":"No metadata for \"SalesInquiry\" was found.","name":"FatalError","service":"SarcoCloud","stack":"FatalError: No metadata for \"SalesInquiry\" was found.\n    at createSalesInquiry (/Users/imseongho/clean-architecture-fork/src/interface/controllers/SupportsController.ts:34:10)","timestamp":"2025-03-05T07:21:49.217Z"}
{"level":"info","message":"Database connected","service":"SarcoCloud","timestamp":"2025-03-05T07:21:49.348Z"}
{"code":"ECONNREFUSED","level":"error","message":"Database connection error:","service":"SarcoCloud","stack":"AggregateError\n    at internalConnectMultiple (node:net:1116:18)\n    at afterConnectMultiple (node:net:1683:7)\n    at TCPConnectWrap.callbackTrampoline (node:internal/async_hooks:130:17)","timestamp":"2025-03-05T07:23:33.817Z"}
{"code":"ECONNREFUSED","level":"error","message":"Database connection error:","service":"SarcoCloud","stack":"AggregateError\n    at internalConnectMultiple (node:net:1116:18)\n    at afterConnectMultiple (node:net:1683:7)\n    at TCPConnectWrap.callbackTrampoline (node:internal/async_hooks:130:17)","timestamp":"2025-03-05T07:23:53.912Z"}
{"level":"info","message":"SalesInquiryRepository.constructor.DataSource","service":"SarcoCloud","timestamp":"2025-03-05T07:24:31.026Z"}
{"level":"info","message":true,"service":"SarcoCloud","timestamp":"2025-03-05T07:24:31.033Z"}
{"level":"info","message":"SalesInquiryRepository.createSalesInquiry","service":"SarcoCloud","timestamp":"2025-03-05T07:24:31.053Z"}
{"cause":{"code":"42P01","driverError":{"code":"42P01","file":"parse_relation.c","length":121,"line":"1428","name":"error","position":"13","routine":"parserOpenTable","severity":"ERROR"},"file":"parse_relation.c","length":121,"line":"1428","parameters":["Crooks - McClure","Trevor_Hirthe58","Merle63@yahoo.com","+821012345678","Turba teres creator vox amaritudo asperiores sui."],"position":"13","query":"INSERT INTO \"supports\".\"sales_inquiry\"(\"organization_name\", \"contact_name\", \"contact_email\", \"contact_phone_number\", \"data\", \"status\", \"inquired_at\", \"updated_at\") VALUES ($1, $2, $3, $4, $5, DEFAULT, DEFAULT, DEFAULT) RETURNING \"sales_inquiry_id\", \"status\", \"inquired_at\", \"updated_at\"","routine":"parserOpenTable","severity":"ERROR"},"level":"error","message":"relation \"supports.sales_inquiry\" does not exist","name":"FatalError","service":"SarcoCloud","stack":"FatalError: relation \"supports.sales_inquiry\" does not exist\n    at createSalesInquiry (/Users/imseongho/clean-architecture-fork/src/interface/controllers/SupportsController.ts:34:10)\n    at processTicksAndRejections (node:internal/process/task_queues:95:5)","timestamp":"2025-03-05T07:24:31.696Z"}
{"level":"info","message":"Database connected","service":"SarcoCloud","timestamp":"2025-03-05T07:24:31.746Z"}
{"level":"info","message":"Database connected","service":"SarcoCloud","timestamp":"2025-03-05T07:25:10.135Z"}
{"level":"info","message":"SalesInquiryRepository.constructor.DataSource","service":"SarcoCloud","timestamp":"2025-03-05T07:25:14.038Z"}
{"level":"info","message":true,"service":"SarcoCloud","timestamp":"2025-03-05T07:25:14.039Z"}
{"level":"info","message":"SalesInquiryRepository.createSalesInquiry","service":"SarcoCloud","timestamp":"2025-03-05T07:25:14.047Z"}
{"level":"info","message":"SalesInquiryRepository.createSalesInquiry","service":"SarcoCloud","timestamp":"2025-03-05T07:25:29.763Z"}
{"level":"info","message":"SalesInquiryRepository.createSalesInquiry","service":"SarcoCloud","timestamp":"2025-03-05T07:25:31.288Z"}
{"level":"info","message":"SalesInquiryRepository.createSalesInquiry","service":"SarcoCloud","timestamp":"2025-03-05T07:25:32.330Z"}
{"level":"info","message":"SalesInquiryRepository.constructor.DataSource","service":"SarcoCloud","timestamp":"2025-03-05T07:28:09.111Z"}
{"level":"info","message":false,"service":"SarcoCloud","timestamp":"2025-03-05T07:28:09.124Z"}
{"level":"info","message":"SalesInquiryRepository.createSalesInquiry","service":"SarcoCloud","timestamp":"2025-03-05T07:28:09.137Z"}
{"cause":{"message":"No metadata for \"SalesInquiry\" was found."},"level":"error","message":"No metadata for \"SalesInquiry\" was found.","name":"FatalError","service":"SarcoCloud","stack":"FatalError: No metadata for \"SalesInquiry\" was found.\n    at createSalesInquiry (/Users/imseongho/clean-architecture-fork/src/interface/controllers/SupportsController.ts:34:10)","timestamp":"2025-03-05T07:28:09.142Z"}
{"level":"info","message":"Database connected","service":"SarcoCloud","timestamp":"2025-03-05T07:28:09.267Z"}
{"level":"info","message":"SalesInquiryRepository.constructor.DataSource","service":"SarcoCloud","timestamp":"2025-03-05T07:36:59.406Z"}
{"level":"info","message":false,"service":"SarcoCloud","timestamp":"2025-03-05T07:36:59.427Z"}
{"level":"info","message":"SalesInquiryRepository.createSalesInquiry","service":"SarcoCloud","timestamp":"2025-03-05T07:36:59.436Z"}
{"cause":{"message":"No metadata for \"SalesInquiry\" was found."},"level":"error","message":"No metadata for \"SalesInquiry\" was found.","name":"FatalError","service":"SarcoCloud","stack":"FatalError: No metadata for \"SalesInquiry\" was found.\n    at createSalesInquiry (/Users/imseongho/clean-architecture-fork/src/interface/controllers/SupportsController.ts:34:10)","timestamp":"2025-03-05T07:36:59.441Z"}
{"level":"info","message":"Database connected","service":"SarcoCloud","timestamp":"2025-03-05T07:36:59.577Z"}
{"level":"info","message":"given","service":"SarcoCloud","timestamp":"2025-03-05T07:38:38.858Z"}
{"level":"info","message":"when1","service":"SarcoCloud","timestamp":"2025-03-05T07:38:38.868Z"}
{"level":"info","message":"when2","service":"SarcoCloud","timestamp":"2025-03-05T07:38:38.873Z"}
{"level":"info","message":"SalesInquiryRepository.constructor.DataSource","service":"SarcoCloud","timestamp":"2025-03-05T07:38:39.485Z"}
{"level":"info","message":false,"service":"SarcoCloud","timestamp":"2025-03-05T07:38:39.504Z"}
{"level":"info","message":"SalesInquiryRepository.createSalesInquiry","service":"SarcoCloud","timestamp":"2025-03-05T07:38:39.515Z"}
{"cause":{"message":"No metadata for \"SalesInquiry\" was found."},"level":"error","message":"No metadata for \"SalesInquiry\" was found.","name":"FatalError","service":"SarcoCloud","stack":"FatalError: No metadata for \"SalesInquiry\" was found.\n    at createSalesInquiry (/Users/imseongho/clean-architecture-fork/src/interface/controllers/SupportsController.ts:34:10)","timestamp":"2025-03-05T07:38:39.522Z"}
{"level":"info","message":"when3","service":"SarcoCloud","timestamp":"2025-03-05T07:38:39.566Z"}
{"level":"info","message":"then","service":"SarcoCloud","timestamp":"2025-03-05T07:38:39.571Z"}
{"level":"info","message":"Database connected","service":"SarcoCloud","timestamp":"2025-03-05T07:38:39.694Z"}
{"level":"info","message":"given","service":"SarcoCloud","timestamp":"2025-03-05T07:42:13.281Z"}
{"level":"info","message":"SalesInquiryRepository.createSalesInquiry","service":"SarcoCloud","timestamp":"2025-03-05T07:42:13.862Z"}
{"cause":{"message":"No metadata for \"SalesInquiry\" was found."},"level":"error","message":"No metadata for \"SalesInquiry\" was found.","name":"FatalError","service":"SarcoCloud","stack":"FatalError: No metadata for \"SalesInquiry\" was found.\n    at createSalesInquiry (/Users/imseongho/clean-architecture-fork/src/interface/controllers/SupportsController.ts:34:10)","timestamp":"2025-03-05T07:42:13.870Z"}
{"level":"info","message":"Database connected","service":"SarcoCloud","timestamp":"2025-03-05T07:42:14.006Z"}
{"level":"info","message":"Database password retrieved : test","service":"SarcoCloud","timestamp":"2025-03-05T07:48:41.382Z"}
{"level":"info","message":"given","service":"SarcoCloud","timestamp":"2025-03-05T07:48:41.401Z"}
{"level":"info","message":"SalesInquiryRepository.createSalesInquiry","service":"SarcoCloud","timestamp":"2025-03-05T07:48:42.197Z"}
{"cause":{"message":"No metadata for \"SalesInquiry\" was found."},"level":"error","message":"No metadata for \"SalesInquiry\" was found.","name":"FatalError","service":"SarcoCloud","stack":"FatalError: No metadata for \"SalesInquiry\" was found.\n    at createSalesInquiry (/Users/imseongho/clean-architecture-fork/src/interface/controllers/SupportsController.ts:34:10)","timestamp":"2025-03-05T07:48:42.206Z"}
{"level":"info","message":"Database connected","service":"SarcoCloud","timestamp":"2025-03-05T07:48:42.322Z"}
{"level":"info","message":"Database password retrieved : test","service":"SarcoCloud","timestamp":"2025-03-05T07:49:15.110Z"}
{"level":"info","message":"given","service":"SarcoCloud","timestamp":"2025-03-05T07:49:15.132Z"}
{"cause":{"name":"ServiceNotFoundError","normalizedIdentifier":"DataSource"},"level":"error","message":"Service with \"DataSource\" identifier was not found in the container. Register it before usage via explicitly calling the \"Container.set\" function or using the \"@Service()\" decorator.","name":"FatalError","service":"SarcoCloud","stack":"FatalError: Service with \"DataSource\" identifier was not found in the container. Register it before usage via explicitly calling the \"Container.set\" function or using the \"@Service()\" decorator.\n    at createSalesInquiry (/Users/imseongho/clean-architecture-fork/src/interface/controllers/SupportsController.ts:34:10)\n    at Layer.handleRequest (/Users/imseongho/clean-architecture-fork/node_modules/router/lib/layer.js:145:17)\n    at next (/Users/imseongho/clean-architecture-fork/node_modules/router/lib/route.js:160:13)\n    at Route.dispatch (/Users/imseongho/clean-architecture-fork/node_modules/router/lib/route.js:120:3)\n    at handle (/Users/imseongho/clean-architecture-fork/node_modules/router/index.js:427:11)\n    at Layer.handleRequest (/Users/imseongho/clean-architecture-fork/node_modules/router/lib/layer.js:145:17)\n    at /Users/imseongho/clean-architecture-fork/node_modules/router/index.js:292:15\n    at processParams (/Users/imseongho/clean-architecture-fork/node_modules/router/index.js:574:12)\n    at next (/Users/imseongho/clean-architecture-fork/node_modules/router/index.js:288:5)\n    at Function.handle (/Users/imseongho/clean-architecture-fork/node_modules/router/index.js:182:3)\n    at router (/Users/imseongho/clean-architecture-fork/node_modules/router/index.js:58:12)\n    at /Users/imseongho/clean-architecture-fork/node_modules/express-openapi-validator/src/openapi.validator.ts:225:64","timestamp":"2025-03-05T07:49:16.109Z"}
{"level":"info","message":"Database connected","service":"SarcoCloud","timestamp":"2025-03-05T07:49:16.231Z"}
{"level":"info","message":"given","service":"SarcoCloud","timestamp":"2025-03-05T07:51:10.615Z"}
{"level":"info","message":"SalesInquiryRepository.createSalesInquiry","service":"SarcoCloud","timestamp":"2025-03-05T07:51:11.096Z"}
{"cause":{"message":"No metadata for \"SalesInquiry\" was found."},"level":"error","message":"No metadata for \"SalesInquiry\" was found.","name":"FatalError","service":"SarcoCloud","stack":"FatalError: No metadata for \"SalesInquiry\" was found.\n    at createSalesInquiry (/Users/imseongho/clean-architecture-fork/src/interface/controllers/SupportsController.ts:34:10)","timestamp":"2025-03-05T07:51:11.108Z"}
{"level":"info","message":"given","service":"SarcoCloud","timestamp":"2025-03-05T07:51:43.531Z"}
{"level":"info","message":"SalesInquiryRepository.createSalesInquiry","service":"SarcoCloud","timestamp":"2025-03-05T07:51:44.067Z"}
{"cause":{"message":"No metadata for \"SalesInquiry\" was found."},"level":"error","message":"No metadata for \"SalesInquiry\" was found.","name":"FatalError","service":"SarcoCloud","stack":"FatalError: No metadata for \"SalesInquiry\" was found.\n    at createSalesInquiry (/Users/imseongho/clean-architecture-fork/src/interface/controllers/SupportsController.ts:34:10)","timestamp":"2025-03-05T07:51:44.081Z"}
{"level":"info","message":"given","service":"SarcoCloud","timestamp":"2025-03-05T07:52:11.014Z"}
{"level":"info","message":"SalesInquiryRepository.createSalesInquiry","service":"SarcoCloud","timestamp":"2025-03-05T07:52:11.381Z"}
{"cause":{"message":"No metadata for \"SalesInquiry\" was found."},"level":"error","message":"No metadata for \"SalesInquiry\" was found.","name":"FatalError","service":"SarcoCloud","stack":"FatalError: No metadata for \"SalesInquiry\" was found.\n    at createSalesInquiry (/Users/imseongho/clean-architecture-fork/src/interface/controllers/SupportsController.ts:34:10)","timestamp":"2025-03-05T07:52:11.388Z"}
{"level":"info","message":"Database connected","service":"SarcoCloud","timestamp":"2025-03-05T07:52:11.529Z"}
{"level":"info","message":"given","service":"SarcoCloud","timestamp":"2025-03-05T07:57:18.830Z"}
{"level":"info","message":"SalesInquiryRepository.createSalesInquiry","service":"SarcoCloud","timestamp":"2025-03-05T07:57:19.342Z"}
{"cause":{"message":"No metadata for \"SalesInquiry\" was found."},"level":"error","message":"No metadata for \"SalesInquiry\" was found.","name":"FatalError","service":"SarcoCloud","stack":"FatalError: No metadata for \"SalesInquiry\" was found.\n    at createSalesInquiry (/Users/imseongho/clean-architecture-fork/src/interface/controllers/SupportsController.ts:34:10)","timestamp":"2025-03-05T07:57:19.355Z"}
{"level":"info","message":"given","service":"SarcoCloud","timestamp":"2025-03-05T07:57:57.747Z"}
{"level":"info","message":"SalesInquiryRepository.createSalesInquiry","service":"SarcoCloud","timestamp":"2025-03-05T07:57:58.312Z"}
{"cause":{"message":"No metadata for \"SalesInquiry\" was found."},"level":"error","message":"No metadata for \"SalesInquiry\" was found.","name":"FatalError","service":"SarcoCloud","stack":"FatalError: No metadata for \"SalesInquiry\" was found.\n    at createSalesInquiry (/Users/imseongho/clean-architecture-fork/src/interface/controllers/SupportsController.ts:34:10)","timestamp":"2025-03-05T07:57:58.321Z"}
{"level":"info","message":"Database connected","service":"SarcoCloud","timestamp":"2025-03-05T07:57:58.447Z"}
{"level":"info","message":"Database connected","service":"SarcoCloud","timestamp":"2025-03-05T08:02:18.395Z"}
{"level":"info","message":"Database password retrieved : test","service":"SarcoCloud","timestamp":"2025-03-05T08:04:13.217Z"}
{"level":"info","message":"Database connected","service":"SarcoCloud","timestamp":"2025-03-05T08:04:13.559Z"}
{"level":"info","message":"Database password retrieved : test","service":"SarcoCloud","timestamp":"2025-03-05T08:05:07.162Z"}
{"level":"info","message":"Database connected","service":"SarcoCloud","timestamp":"2025-03-05T08:05:07.481Z"}
