{"level":"http","message":"GET / 404 60 - 24.013 ms","service":"SarcoCloud","timestamp":"2025-03-06T00:44:57.432Z"}
{"level":"http","message":"GET /public/v1/test-public-only 500 60 - 1147.941 ms","service":"SarcoCloud","timestamp":"2025-03-06T00:45:22.849Z"}
{"level":"http","message":"GET /favicon.ico 404 60 - 5.557 ms","service":"SarcoCloud","timestamp":"2025-03-06T00:45:22.940Z"}
{"level":"http","message":"GET /public/v1/ping 500 60 - 44.347 ms","service":"SarcoCloud","timestamp":"2025-03-06T00:45:57.576Z"}
{"level":"http","message":"GET /public/v1/ping 500 60 - 4.268 ms","service":"SarcoCloud","timestamp":"2025-03-06T00:47:08.875Z"}
{"level":"http","message":"GET /public/v1/ping 200 35 - 1423.776 ms","service":"SarcoCloud","timestamp":"2025-03-06T00:47:51.770Z"}
{"level":"http","message":"GET /internal/v1/supports/sales-inquiries 405 60 - 15.449 ms","service":"SarcoCloud","timestamp":"2025-03-06T00:48:08.059Z"}
{"level":"http","message":"POST /internal/v1/supports/sales-inquiries 415 60 - 13.451 ms","service":"SarcoCloud","timestamp":"2025-03-06T00:48:37.107Z"}
{"level":"http","message":"POST /internal/v1/supports/sales-inquiries 400 60 - 8.667 ms","service":"SarcoCloud","timestamp":"2025-03-06T00:49:41.874Z"}
{"level":"http","message":"POST /internal/v1/supports/sales-inquiries 415 60 - 2.384 ms","service":"SarcoCloud","timestamp":"2025-03-06T00:50:02.563Z"}
{"level":"http","message":"POST /internal/v1/supports/sales-inquiries 400 60 - 1.432 ms","service":"SarcoCloud","timestamp":"2025-03-06T00:50:40.386Z"}
{"level":"http","message":"POST /internal/v1/supports/sales-inquiries 400 60 - 2.109 ms","service":"SarcoCloud","timestamp":"2025-03-06T00:51:03.029Z"}
{"level":"http","message":"POST /internal/v1/supports/sales-inquiries 400 60 - 2.117 ms","service":"SarcoCloud","timestamp":"2025-03-06T00:51:10.843Z"}
{"level":"http","message":"POST /internal/v1/supports/sales-inquiries 400 60 - 2.317 ms","service":"SarcoCloud","timestamp":"2025-03-06T00:51:23.813Z"}
{"level":"http","message":"POST /internal/v1/supports/sales-inquiries 400 60 - 1.582 ms","service":"SarcoCloud","timestamp":"2025-03-06T00:51:37.467Z"}
{"level":"http","message":"POST /internal/v1/supports/sales-inquiries 400 60 - 1.655 ms","service":"SarcoCloud","timestamp":"2025-03-06T00:51:52.227Z"}
{"level":"http","message":"POST /internal/v1/supports/sales-inquiries 500 127 - 12.003 ms","service":"SarcoCloud","timestamp":"2025-03-06T00:52:14.313Z"}
{"level":"http","message":"POST /internal/v1/supports/sales-inquiries 400 60 - 1.512 ms","service":"SarcoCloud","timestamp":"2025-03-06T00:52:38.606Z"}
{"level":"http","message":"POST /internal/v1/supports/sales-inquiries 500 127 - 2.647 ms","service":"SarcoCloud","timestamp":"2025-03-06T00:54:31.158Z"}
{"level":"http","message":"POST /internal/v1/supports/sales-inquiries 500 127 - 2.602 ms","service":"SarcoCloud","timestamp":"2025-03-06T00:58:29.870Z"}
{"level":"http","message":"POST /internal/v1/supports/sales-inquiries 500 127 - 1.981 ms","service":"SarcoCloud","timestamp":"2025-03-06T00:58:38.690Z"}
{"level":"http","message":"POST /internal/v1/supports/sales-inquiries 500 60 - 1247.969 ms","service":"SarcoCloud","timestamp":"2025-03-06T00:59:00.086Z"}
{"level":"http","message":"POST /internal/v1/supports/sales-inquiries 500 114 - 1364.305 ms","service":"SarcoCloud","timestamp":"2025-03-06T00:59:37.046Z"}
{"level":"http","message":"POST /internal/v1/supports/sales-inquiries 400 60 - 15.658 ms","service":"SarcoCloud","timestamp":"2025-03-06T00:59:42.508Z"}
